Release 14.7 - ngc2edif P_INT.20180321 (nt64)
Copyright (c) 1995-2013 Xilinx, Inc.  All rights reserved.
Reading design ZyboVIO_SE.ngc ...
WARNING:NetListWriters:298 - No output is written to ZyboVIO_SE.xncf, ignored.
Processing design ...
   Preping design's networks ...
   Preping design's macros ...
WARNING:NetListWriters:306 - Signal bus Inst_jtag_chainIO/fromPCReg[47 : 0] on
   block ZyboVIO_SE is not reconstructed, because there are some missing bus
   signals.
  finished :Prep
Writing EDIF netlist file ZyboVIO_SE.edif ...
ngc2edif: Total memory usage is 4324924 kilobytes

Release 14.7 - ngc2edif P_INT.20180321 (nt64)
Copyright (c) 1995-2013 Xilinx, Inc.  All rights reserved.
Reading design lc3.ngc ...
WARNING:NetListWriters:298 - No output is written to lc3.xncf, ignored.
Processing design ...
   Preping design's networks ...
   Preping design's macros ...
WARNING:NetListWriters:306 - Signal bus
   tmp_addr_reg[15]_data_in[15]_mux_245_OUT<14 : 1> on block lc3 is not
   reconstructed, because there are some missing bus signals.
  finished :Prep
Writing EDIF netlist file lc3.edif ...
ngc2edif: Total memory usage is 4329980 kilobytes

