
*** Running vivado
    with args -log LC3Zybo_top.vds -m64 -product Vivado -mode batch -messageDb vivado.pb -notrace -source LC3Zybo_top.tcl


****** Vivado v2018.2 (64-bit)
  **** SW Build 2258646 on Thu Jun 14 20:03:12 MDT 2018
  **** IP Build 2256618 on Thu Jun 14 22:10:49 MDT 2018
    ** Copyright 1986-2018 Xilinx, Inc. All Rights Reserved.

source LC3Zybo_top.tcl -notrace
Command: synth_design -top LC3Zybo_top -part xc7z010clg400-1
Starting synth_design
Attempting to get a license for feature 'Synthesis' and/or device 'xc7z010'
INFO: [Common 17-349] Got license for feature 'Synthesis' and/or device 'xc7z010'
INFO: Launching helper process for spawning children vivado processes
INFO: Helper process launched with PID 1028 
---------------------------------------------------------------------------------
Starting RTL Elaboration : Time (s): cpu = 00:00:02 ; elapsed = 00:00:02 . Memory (MB): peak = 345.148 ; gain = 99.516
---------------------------------------------------------------------------------
INFO: [Synth 8-638] synthesizing module 'LC3Zybo_top' [C:/Users/Christian Ulstrand/Documents/GitHub/3-Ugers-Projekt/3WeekProject/3WeekProject.srcs/sources_1/imports/LC3Zybo/top.vhd:26]
INFO: [Synth 8-638] synthesizing module 'student_code' [C:/Users/Christian Ulstrand/Documents/GitHub/3-Ugers-Projekt/3WeekProject/3WeekProject.srcs/sources_1/imports/Christian Ulstrand/OneDrive/DTU - IT Elektronik/2. Semester/Digitale Systemer/Software/3 ugers/LC3/LC3Zybo/student_code.vhd:38]
INFO: [Synth 8-638] synthesizing module 'lc3_computer' [C:/Users/Christian Ulstrand/Documents/GitHub/3-Ugers-Projekt/3WeekProject/3WeekProject.srcs/sources_1/imports/Christian Ulstrand/OneDrive/DTU - IT Elektronik/2. Semester/Digitale Systemer/Software/3 ugers/LC3/LC3Zybo/lc3_computer.vhd:59]
INFO: [Synth 8-638] synthesizing module 'lc3_wrapper_multiplexers' [C:/Users/Christian Ulstrand/Documents/GitHub/3-Ugers-Projekt/3WeekProject/3WeekProject.srcs/sources_1/imports/Christian Ulstrand/Downloads/LC3Zybo/lc3_wrapper_multiplexers.vhd:24]
INFO: [Synth 8-637] synthesizing blackbox instance 'lc3_1' of component 'lc3' [C:/Users/Christian Ulstrand/Documents/GitHub/3-Ugers-Projekt/3WeekProject/3WeekProject.srcs/sources_1/imports/Christian Ulstrand/Downloads/LC3Zybo/lc3_wrapper_multiplexers.vhd:43]
INFO: [Synth 8-256] done synthesizing module 'lc3_wrapper_multiplexers' (1#1) [C:/Users/Christian Ulstrand/Documents/GitHub/3-Ugers-Projekt/3WeekProject/3WeekProject.srcs/sources_1/imports/Christian Ulstrand/Downloads/LC3Zybo/lc3_wrapper_multiplexers.vhd:24]
INFO: [Synth 8-638] synthesizing module 'xilinx_one_port_ram_sync' [C:/Users/Christian Ulstrand/Documents/GitHub/3-Ugers-Projekt/3WeekProject/3WeekProject.srcs/sources_1/new/Memory.vhd:19]
	Parameter ADDR_WIDTH bound to: 16 - type: integer 
	Parameter DATA_WIDTH bound to: 16 - type: integer 
	Parameter ARRAY_SIZE bound to: 16 - type: integer 
INFO: [Synth 8-256] done synthesizing module 'xilinx_one_port_ram_sync' (2#1) [C:/Users/Christian Ulstrand/Documents/GitHub/3-Ugers-Projekt/3WeekProject/3WeekProject.srcs/sources_1/new/Memory.vhd:19]
INFO: [Synth 8-638] synthesizing module 'CustomTimer' [C:/Users/Christian Ulstrand/Documents/GitHub/3-Ugers-Projekt/3WeekProject/3WeekProject.srcs/sources_1/new/CustomTimer.vhd:20]
	Parameter value bound to: 1 - type: integer 
INFO: [Synth 8-256] done synthesizing module 'CustomTimer' (3#1) [C:/Users/Christian Ulstrand/Documents/GitHub/3-Ugers-Projekt/3WeekProject/3WeekProject.srcs/sources_1/new/CustomTimer.vhd:20]
INFO: [Synth 8-638] synthesizing module 'CustomTimer__parameterized0' [C:/Users/Christian Ulstrand/Documents/GitHub/3-Ugers-Projekt/3WeekProject/3WeekProject.srcs/sources_1/new/CustomTimer.vhd:20]
	Parameter value bound to: 1000 - type: integer 
INFO: [Synth 8-256] done synthesizing module 'CustomTimer__parameterized0' (3#1) [C:/Users/Christian Ulstrand/Documents/GitHub/3-Ugers-Projekt/3WeekProject/3WeekProject.srcs/sources_1/new/CustomTimer.vhd:20]
INFO: [Synth 8-638] synthesizing module 'mod_m_counter' [C:/Users/Christian Ulstrand/Documents/GitHub/3-Ugers-Projekt/3WeekProject/3WeekProject.srcs/sources_1/new/baud_generator.vhd:17]
	Parameter N bound to: 8 - type: integer 
	Parameter M bound to: 163 - type: integer 
INFO: [Synth 8-256] done synthesizing module 'mod_m_counter' (4#1) [C:/Users/Christian Ulstrand/Documents/GitHub/3-Ugers-Projekt/3WeekProject/3WeekProject.srcs/sources_1/new/baud_generator.vhd:17]
WARNING: [Synth 8-614] signal 'address' is read in the process but is not in the sensitivity list [C:/Users/Christian Ulstrand/Documents/GitHub/3-Ugers-Projekt/3WeekProject/3WeekProject.srcs/sources_1/imports/Christian Ulstrand/OneDrive/DTU - IT Elektronik/2. Semester/Digitale Systemer/Software/3 ugers/LC3/LC3Zybo/lc3_computer.vhd:329]
WARNING: [Synth 8-614] signal 'address' is read in the process but is not in the sensitivity list [C:/Users/Christian Ulstrand/Documents/GitHub/3-Ugers-Projekt/3WeekProject/3WeekProject.srcs/sources_1/imports/Christian Ulstrand/OneDrive/DTU - IT Elektronik/2. Semester/Digitale Systemer/Software/3 ugers/LC3/LC3Zybo/lc3_computer.vhd:343]
WARNING: [Synth 8-614] signal 'data_out' is read in the process but is not in the sensitivity list [C:/Users/Christian Ulstrand/Documents/GitHub/3-Ugers-Projekt/3WeekProject/3WeekProject.srcs/sources_1/imports/Christian Ulstrand/OneDrive/DTU - IT Elektronik/2. Semester/Digitale Systemer/Software/3 ugers/LC3/LC3Zybo/lc3_computer.vhd:369]
WARNING: [Synth 8-614] signal 'address' is read in the process but is not in the sensitivity list [C:/Users/Christian Ulstrand/Documents/GitHub/3-Ugers-Projekt/3WeekProject/3WeekProject.srcs/sources_1/imports/Christian Ulstrand/OneDrive/DTU - IT Elektronik/2. Semester/Digitale Systemer/Software/3 ugers/LC3/LC3Zybo/lc3_computer.vhd:382]
WARNING: [Synth 8-614] signal 'address' is read in the process but is not in the sensitivity list [C:/Users/Christian Ulstrand/Documents/GitHub/3-Ugers-Projekt/3WeekProject/3WeekProject.srcs/sources_1/imports/Christian Ulstrand/OneDrive/DTU - IT Elektronik/2. Semester/Digitale Systemer/Software/3 ugers/LC3/LC3Zybo/lc3_computer.vhd:394]
WARNING: [Synth 8-614] signal 'address' is read in the process but is not in the sensitivity list [C:/Users/Christian Ulstrand/Documents/GitHub/3-Ugers-Projekt/3WeekProject/3WeekProject.srcs/sources_1/imports/Christian Ulstrand/OneDrive/DTU - IT Elektronik/2. Semester/Digitale Systemer/Software/3 ugers/LC3/LC3Zybo/lc3_computer.vhd:407]
WARNING: [Synth 8-614] signal 'address' is read in the process but is not in the sensitivity list [C:/Users/Christian Ulstrand/Documents/GitHub/3-Ugers-Projekt/3WeekProject/3WeekProject.srcs/sources_1/imports/Christian Ulstrand/OneDrive/DTU - IT Elektronik/2. Semester/Digitale Systemer/Software/3 ugers/LC3/LC3Zybo/lc3_computer.vhd:419]
WARNING: [Synth 8-6014] Unused sequential element REG_led_reg was removed.  [C:/Users/Christian Ulstrand/Documents/GitHub/3-Ugers-Projekt/3WeekProject/3WeekProject.srcs/sources_1/imports/Christian Ulstrand/OneDrive/DTU - IT Elektronik/2. Semester/Digitale Systemer/Software/3 ugers/LC3/LC3Zybo/lc3_computer.vhd:333]
WARNING: [Synth 8-6014] Unused sequential element REG_sseg_reg was removed.  [C:/Users/Christian Ulstrand/Documents/GitHub/3-Ugers-Projekt/3WeekProject/3WeekProject.srcs/sources_1/imports/Christian Ulstrand/OneDrive/DTU - IT Elektronik/2. Semester/Digitale Systemer/Software/3 ugers/LC3/LC3Zybo/lc3_computer.vhd:347]
INFO: [Synth 8-256] done synthesizing module 'lc3_computer' (5#1) [C:/Users/Christian Ulstrand/Documents/GitHub/3-Ugers-Projekt/3WeekProject/3WeekProject.srcs/sources_1/imports/Christian Ulstrand/OneDrive/DTU - IT Elektronik/2. Semester/Digitale Systemer/Software/3 ugers/LC3/LC3Zybo/lc3_computer.vhd:59]
INFO: [Synth 8-638] synthesizing module 'lc3_debug' [C:/Users/Christian Ulstrand/Documents/GitHub/3-Ugers-Projekt/3WeekProject/3WeekProject.srcs/sources_1/imports/Christian Ulstrand/OneDrive/DTU - IT Elektronik/2. Semester/Digitale Systemer/Software/3 ugers/LC3/LC3Zybo/lc3_debug.vhd:29]
INFO: [Synth 8-638] synthesizing module 'BtnToggle' [C:/Users/Christian Ulstrand/Documents/GitHub/3-Ugers-Projekt/3WeekProject/3WeekProject.srcs/sources_1/imports/Christian Ulstrand/OneDrive/DTU - IT Elektronik/2. Semester/Digitale Systemer/Software/3 ugers/LC3/LC3Zybo/BtnToggle.vhd:24]
INFO: [Synth 8-256] done synthesizing module 'BtnToggle' (6#1) [C:/Users/Christian Ulstrand/Documents/GitHub/3-Ugers-Projekt/3WeekProject/3WeekProject.srcs/sources_1/imports/Christian Ulstrand/OneDrive/DTU - IT Elektronik/2. Semester/Digitale Systemer/Software/3 ugers/LC3/LC3Zybo/BtnToggle.vhd:24]
INFO: [Synth 8-638] synthesizing module 'debounce' [C:/Users/Christian Ulstrand/Documents/GitHub/3-Ugers-Projekt/3WeekProject/3WeekProject.srcs/sources_1/imports/Christian Ulstrand/OneDrive/DTU - IT Elektronik/2. Semester/Digitale Systemer/Software/3 ugers/LC3/LC3Zybo/debounce.vhd:18]
INFO: [Synth 8-256] done synthesizing module 'debounce' (7#1) [C:/Users/Christian Ulstrand/Documents/GitHub/3-Ugers-Projekt/3WeekProject/3WeekProject.srcs/sources_1/imports/Christian Ulstrand/OneDrive/DTU - IT Elektronik/2. Semester/Digitale Systemer/Software/3 ugers/LC3/LC3Zybo/debounce.vhd:18]
INFO: [Synth 8-256] done synthesizing module 'lc3_debug' (8#1) [C:/Users/Christian Ulstrand/Documents/GitHub/3-Ugers-Projekt/3WeekProject/3WeekProject.srcs/sources_1/imports/Christian Ulstrand/OneDrive/DTU - IT Elektronik/2. Semester/Digitale Systemer/Software/3 ugers/LC3/LC3Zybo/lc3_debug.vhd:29]
INFO: [Synth 8-256] done synthesizing module 'student_code' (9#1) [C:/Users/Christian Ulstrand/Documents/GitHub/3-Ugers-Projekt/3WeekProject/3WeekProject.srcs/sources_1/imports/Christian Ulstrand/OneDrive/DTU - IT Elektronik/2. Semester/Digitale Systemer/Software/3 ugers/LC3/LC3Zybo/student_code.vhd:38]
INFO: [Synth 8-638] synthesizing module 'zyboviose_wrapper' [C:/Users/Christian Ulstrand/Documents/GitHub/3-Ugers-Projekt/3WeekProject/3WeekProject.srcs/sources_1/imports/Christian Ulstrand/OneDrive/DTU - IT Elektronik/2. Semester/Digitale Systemer/Software/3 ugers/LC3/LC3Zybo/zybovios_wrapper.vhd:32]
INFO: [Synth 8-637] synthesizing blackbox instance 'Inst_ZyboVIO_SE' of component 'ZyboVIO_SE' [C:/Users/Christian Ulstrand/Documents/GitHub/3-Ugers-Projekt/3WeekProject/3WeekProject.srcs/sources_1/imports/Christian Ulstrand/OneDrive/DTU - IT Elektronik/2. Semester/Digitale Systemer/Software/3 ugers/LC3/LC3Zybo/zybovios_wrapper.vhd:58]
INFO: [Synth 8-256] done synthesizing module 'zyboviose_wrapper' (10#1) [C:/Users/Christian Ulstrand/Documents/GitHub/3-Ugers-Projekt/3WeekProject/3WeekProject.srcs/sources_1/imports/Christian Ulstrand/OneDrive/DTU - IT Elektronik/2. Semester/Digitale Systemer/Software/3 ugers/LC3/LC3Zybo/zybovios_wrapper.vhd:32]
INFO: [Synth 8-256] done synthesizing module 'LC3Zybo_top' (11#1) [C:/Users/Christian Ulstrand/Documents/GitHub/3-Ugers-Projekt/3WeekProject/3WeekProject.srcs/sources_1/imports/LC3Zybo/top.vhd:26]
---------------------------------------------------------------------------------
Finished RTL Elaboration : Time (s): cpu = 00:00:03 ; elapsed = 00:00:03 . Memory (MB): peak = 431.332 ; gain = 185.699
---------------------------------------------------------------------------------

Report Check Netlist: 
+------+------------------+-------+---------+-------+------------------+
|      |Item              |Errors |Warnings |Status |Description       |
+------+------------------+-------+---------+-------+------------------+
|1     |multi_driven_nets |      0|        0|Passed |Multi driven nets |
+------+------------------+-------+---------+-------+------------------+
---------------------------------------------------------------------------------
Start Handling Custom Attributes
---------------------------------------------------------------------------------
---------------------------------------------------------------------------------
Finished Handling Custom Attributes : Time (s): cpu = 00:00:03 ; elapsed = 00:00:04 . Memory (MB): peak = 431.332 ; gain = 185.699
---------------------------------------------------------------------------------
---------------------------------------------------------------------------------
Finished RTL Optimization Phase 1 : Time (s): cpu = 00:00:03 ; elapsed = 00:00:04 . Memory (MB): peak = 431.332 ; gain = 185.699
---------------------------------------------------------------------------------
INFO: [Device 21-403] Loading part xc7z010clg400-1
INFO: [Project 1-570] Preparing netlist for logic optimization

Processing XDC Constraints
Initializing timing engine
Parsing XDC File [C:/Users/Christian Ulstrand/Documents/GitHub/3-Ugers-Projekt/3WeekProject/3WeekProject.srcs/constrs_1/imports/Software/ZyboVIO.xdc]
Finished Parsing XDC File [C:/Users/Christian Ulstrand/Documents/GitHub/3-Ugers-Projekt/3WeekProject/3WeekProject.srcs/constrs_1/imports/Software/ZyboVIO.xdc]
INFO: [Project 1-236] Implementation specific constraints were found while reading constraint file [C:/Users/Christian Ulstrand/Documents/GitHub/3-Ugers-Projekt/3WeekProject/3WeekProject.srcs/constrs_1/imports/Software/ZyboVIO.xdc]. These constraints will be ignored for synthesis but will be used in implementation. Impacted constraints are listed in the file [.Xil/LC3Zybo_top_propImpl.xdc].
Resolution: To avoid this warning, move constraints listed in [.Xil/LC3Zybo_top_propImpl.xdc] to another XDC file and exclude this new file from synthesis with the used_in_synthesis property (File Properties dialog in GUI) and re-run elaboration/synthesis.
Completed Processing XDC Constraints

INFO: [Project 1-111] Unisim Transformation Summary:
No Unisim elements were transformed.

Constraint Validation Runtime : Time (s): cpu = 00:00:00 ; elapsed = 00:00:00.002 . Memory (MB): peak = 756.418 ; gain = 0.000
---------------------------------------------------------------------------------
Finished Constraint Validation : Time (s): cpu = 00:00:11 ; elapsed = 00:00:14 . Memory (MB): peak = 756.418 ; gain = 510.785
---------------------------------------------------------------------------------
---------------------------------------------------------------------------------
Start Loading Part and Timing Information
---------------------------------------------------------------------------------
Loading part: xc7z010clg400-1
---------------------------------------------------------------------------------
Finished Loading Part and Timing Information : Time (s): cpu = 00:00:11 ; elapsed = 00:00:14 . Memory (MB): peak = 756.418 ; gain = 510.785
---------------------------------------------------------------------------------
---------------------------------------------------------------------------------
Start Applying 'set_property' XDC Constraints
---------------------------------------------------------------------------------
---------------------------------------------------------------------------------
Finished applying 'set_property' XDC Constraints : Time (s): cpu = 00:00:11 ; elapsed = 00:00:14 . Memory (MB): peak = 756.418 ; gain = 510.785
---------------------------------------------------------------------------------
INFO: [Synth 8-5546] ROM "max_tick" won't be mapped to RAM because it is too sparse
INFO: [Synth 8-5546] ROM "mux_selector" won't be mapped to RAM because it is too sparse
INFO: [Synth 8-802] inferred FSM for state register 'state_reg_reg' in module 'debounce'
INFO: [Synth 8-5546] ROM "tick" won't be mapped to RAM because it is too sparse
INFO: [Synth 8-5544] ROM "output" won't be mapped to Block RAM because address size (2) smaller than threshold (5)
INFO: [Synth 8-5544] ROM "state_next" won't be mapped to Block RAM because address size (1) smaller than threshold (5)
INFO: [Synth 8-5544] ROM "state_next" won't be mapped to Block RAM because address size (1) smaller than threshold (5)
---------------------------------------------------------------------------------------------------
                   State |                     New Encoding |                Previous Encoding 
---------------------------------------------------------------------------------------------------
                    zero |                               00 |                               00
                   wait1 |                               01 |                               11
                     one |                               10 |                               10
                   wait0 |                               11 |                               01
---------------------------------------------------------------------------------------------------
INFO: [Synth 8-3354] encoded FSM with state register 'state_reg_reg' using encoding 'sequential' in module 'debounce'
---------------------------------------------------------------------------------
Finished RTL Optimization Phase 2 : Time (s): cpu = 00:00:12 ; elapsed = 00:00:14 . Memory (MB): peak = 756.418 ; gain = 510.785
---------------------------------------------------------------------------------

Report RTL Partitions: 
+-+--------------+------------+----------+
| |RTL Partition |Replication |Instances |
+-+--------------+------------+----------+
+-+--------------+------------+----------+
---------------------------------------------------------------------------------
Start RTL Component Statistics 
---------------------------------------------------------------------------------
Detailed RTL Component Info : 
+---Adders : 
	   2 Input     30 Bit       Adders := 1     
	   2 Input     21 Bit       Adders := 10    
	   2 Input      8 Bit       Adders := 1     
+---Registers : 
	               30 Bit    Registers := 1     
	               21 Bit    Registers := 10    
	               16 Bit    Registers := 3     
	                8 Bit    Registers := 1     
	                1 Bit    Registers := 6     
+---RAMs : 
	            1024K Bit         RAMs := 1     
+---Muxes : 
	   2 Input     21 Bit        Muxes := 40    
	   4 Input     21 Bit        Muxes := 10    
	   2 Input     16 Bit        Muxes := 3     
	   2 Input      8 Bit        Muxes := 2     
	   2 Input      5 Bit        Muxes := 1     
	   2 Input      4 Bit        Muxes := 2     
	   4 Input      2 Bit        Muxes := 10    
	   2 Input      2 Bit        Muxes := 30    
	   2 Input      1 Bit        Muxes := 34    
	   4 Input      1 Bit        Muxes := 20    
---------------------------------------------------------------------------------
Finished RTL Component Statistics 
---------------------------------------------------------------------------------
---------------------------------------------------------------------------------
Start RTL Hierarchical Component Statistics 
---------------------------------------------------------------------------------
Hierarchical RTL Component report 
Module xilinx_one_port_ram_sync 
Detailed RTL Component Info : 
+---Registers : 
	               16 Bit    Registers := 1     
+---RAMs : 
	            1024K Bit         RAMs := 1     
Module CustomTimer 
Detailed RTL Component Info : 
+---Registers : 
	                1 Bit    Registers := 1     
Module CustomTimer__parameterized0 
Detailed RTL Component Info : 
+---Registers : 
	                1 Bit    Registers := 1     
Module mod_m_counter 
Detailed RTL Component Info : 
+---Adders : 
	   2 Input      8 Bit       Adders := 1     
+---Registers : 
	                8 Bit    Registers := 1     
+---Muxes : 
	   2 Input      8 Bit        Muxes := 1     
	   2 Input      1 Bit        Muxes := 1     
Module lc3_computer 
Detailed RTL Component Info : 
+---Registers : 
	               16 Bit    Registers := 2     
	                1 Bit    Registers := 2     
+---Muxes : 
	   2 Input     16 Bit        Muxes := 1     
	   2 Input      8 Bit        Muxes := 1     
	   2 Input      4 Bit        Muxes := 1     
	   2 Input      1 Bit        Muxes := 2     
Module BtnToggle 
Detailed RTL Component Info : 
+---Adders : 
	   2 Input     30 Bit       Adders := 1     
+---Registers : 
	               30 Bit    Registers := 1     
	                1 Bit    Registers := 1     
Module debounce 
Detailed RTL Component Info : 
+---Adders : 
	   2 Input     21 Bit       Adders := 1     
+---Registers : 
	               21 Bit    Registers := 1     
+---Muxes : 
	   2 Input     21 Bit        Muxes := 4     
	   4 Input     21 Bit        Muxes := 1     
	   4 Input      2 Bit        Muxes := 1     
	   2 Input      2 Bit        Muxes := 3     
	   2 Input      1 Bit        Muxes := 3     
	   4 Input      1 Bit        Muxes := 2     
Module lc3_debug 
Detailed RTL Component Info : 
+---Registers : 
	                1 Bit    Registers := 1     
+---Muxes : 
	   2 Input     16 Bit        Muxes := 2     
	   2 Input      5 Bit        Muxes := 1     
	   2 Input      4 Bit        Muxes := 1     
	   2 Input      1 Bit        Muxes := 1     
---------------------------------------------------------------------------------
Finished RTL Hierarchical Component Statistics
---------------------------------------------------------------------------------
---------------------------------------------------------------------------------
Start Part Resource Summary
---------------------------------------------------------------------------------
Part Resources:
DSPs: 80 (col length:40)
BRAMs: 120 (col length: RAMB18 40 RAMB36 20)
---------------------------------------------------------------------------------
Finished Part Resource Summary
---------------------------------------------------------------------------------
---------------------------------------------------------------------------------
Start Cross Boundary and Area Optimization
---------------------------------------------------------------------------------
Warning: Parallel synthesis criteria is not met 
WARNING: [Synth 8-6014] Unused sequential element Inst_lc3_computer/baud_generator/r_reg_reg was removed.  [C:/Users/Christian Ulstrand/Documents/GitHub/3-Ugers-Projekt/3WeekProject/3WeekProject.srcs/sources_1/new/baud_generator.vhd:25]
INFO: [Synth 8-5587] ROM size for "Inst_lc3_computer/mux_selector" is below threshold of ROM address width. It will be mapped to LUTs
INFO: [Synth 8-5546] ROM "lc3_debug_1/sys_halt_db/tick" won't be mapped to RAM because it is too sparse
INFO: [Synth 8-5546] ROM "lc3_debug_1/hand_clk_db/tick" won't be mapped to RAM because it is too sparse
INFO: [Synth 8-5546] ROM "tick" won't be mapped to RAM because it is too sparse
INFO: [Synth 8-5546] ROM "tick" won't be mapped to RAM because it is too sparse
INFO: [Synth 8-5546] ROM "tick" won't be mapped to RAM because it is too sparse
INFO: [Synth 8-5546] ROM "tick" won't be mapped to RAM because it is too sparse
INFO: [Synth 8-5546] ROM "tick" won't be mapped to RAM because it is too sparse
INFO: [Synth 8-5546] ROM "tick" won't be mapped to RAM because it is too sparse
INFO: [Synth 8-5546] ROM "tick" won't be mapped to RAM because it is too sparse
INFO: [Synth 8-5546] ROM "tick" won't be mapped to RAM because it is too sparse
RAM Pipeline Warning: Read Address Register Found For RAM Inst_student_code/Inst_lc3_computer/memory_data/ram_reg. We will not be able to pipeline it. This may degrade performance. 
WARNING: [Synth 8-3332] Sequential element (Inst_student_code/Inst_lc3_computer/timer_millis/done_flag_reg) is unused and will be removed from module LC3Zybo_top.
WARNING: [Synth 8-3332] Sequential element (Inst_student_code/Inst_lc3_computer/timer_seconds/done_flag_reg) is unused and will be removed from module LC3Zybo_top.
WARNING: [Synth 8-3332] Sequential element (Inst_student_code/Inst_lc3_computer/doneflag_m_reg) is unused and will be removed from module LC3Zybo_top.
CRITICAL WARNING: [Synth 8-3352] multi-driven net Q with 1st driver pin 'Inst_student_code/Inst_lc3_computer/doneflag_m_reg/Q' [C:/Users/Christian Ulstrand/Documents/GitHub/3-Ugers-Projekt/3WeekProject/3WeekProject.srcs/sources_1/imports/Christian Ulstrand/OneDrive/DTU - IT Elektronik/2. Semester/Digitale Systemer/Software/3 ugers/LC3/LC3Zybo/lc3_computer.vhd:399]
CRITICAL WARNING: [Synth 8-3352] multi-driven net Q with 2nd driver pin 'GND' [C:/Users/Christian Ulstrand/Documents/GitHub/3-Ugers-Projekt/3WeekProject/3WeekProject.srcs/sources_1/imports/Christian Ulstrand/OneDrive/DTU - IT Elektronik/2. Semester/Digitale Systemer/Software/3 ugers/LC3/LC3Zybo/lc3_computer.vhd:399]
CRITICAL WARNING: [Synth 8-5559] multi-driven net Q is connected to constant driver, other driver is ignored [C:/Users/Christian Ulstrand/Documents/GitHub/3-Ugers-Projekt/3WeekProject/3WeekProject.srcs/sources_1/imports/Christian Ulstrand/OneDrive/DTU - IT Elektronik/2. Semester/Digitale Systemer/Software/3 ugers/LC3/LC3Zybo/lc3_computer.vhd:399]
WARNING: [Synth 8-3332] Sequential element (Inst_student_code/Inst_lc3_computer/doneflag_s_reg) is unused and will be removed from module LC3Zybo_top.
CRITICAL WARNING: [Synth 8-3352] multi-driven net Q with 1st driver pin 'Inst_student_code/Inst_lc3_computer/doneflag_s_reg/Q' [C:/Users/Christian Ulstrand/Documents/GitHub/3-Ugers-Projekt/3WeekProject/3WeekProject.srcs/sources_1/imports/Christian Ulstrand/OneDrive/DTU - IT Elektronik/2. Semester/Digitale Systemer/Software/3 ugers/LC3/LC3Zybo/lc3_computer.vhd:424]
CRITICAL WARNING: [Synth 8-3352] multi-driven net Q with 2nd driver pin 'GND' [C:/Users/Christian Ulstrand/Documents/GitHub/3-Ugers-Projekt/3WeekProject/3WeekProject.srcs/sources_1/imports/Christian Ulstrand/OneDrive/DTU - IT Elektronik/2. Semester/Digitale Systemer/Software/3 ugers/LC3/LC3Zybo/lc3_computer.vhd:424]
CRITICAL WARNING: [Synth 8-5559] multi-driven net Q is connected to constant driver, other driver is ignored [C:/Users/Christian Ulstrand/Documents/GitHub/3-Ugers-Projekt/3WeekProject/3WeekProject.srcs/sources_1/imports/Christian Ulstrand/OneDrive/DTU - IT Elektronik/2. Semester/Digitale Systemer/Software/3 ugers/LC3/LC3Zybo/lc3_computer.vhd:424]
WARNING: [Synth 8-3332] Sequential element (Inst_student_code/Inst_lc3_computer/REG_timer_m_reg[15]) is unused and will be removed from module LC3Zybo_top.
WARNING: [Synth 8-3332] Sequential element (Inst_student_code/Inst_lc3_computer/REG_timer_m_reg[14]) is unused and will be removed from module LC3Zybo_top.
WARNING: [Synth 8-3332] Sequential element (Inst_student_code/Inst_lc3_computer/REG_timer_m_reg[13]) is unused and will be removed from module LC3Zybo_top.
WARNING: [Synth 8-3332] Sequential element (Inst_student_code/Inst_lc3_computer/REG_timer_m_reg[12]) is unused and will be removed from module LC3Zybo_top.
WARNING: [Synth 8-3332] Sequential element (Inst_student_code/Inst_lc3_computer/REG_timer_m_reg[11]) is unused and will be removed from module LC3Zybo_top.
WARNING: [Synth 8-3332] Sequential element (Inst_student_code/Inst_lc3_computer/REG_timer_m_reg[10]) is unused and will be removed from module LC3Zybo_top.
WARNING: [Synth 8-3332] Sequential element (Inst_student_code/Inst_lc3_computer/REG_timer_m_reg[9]) is unused and will be removed from module LC3Zybo_top.
WARNING: [Synth 8-3332] Sequential element (Inst_student_code/Inst_lc3_computer/REG_timer_m_reg[8]) is unused and will be removed from module LC3Zybo_top.
WARNING: [Synth 8-3332] Sequential element (Inst_student_code/Inst_lc3_computer/REG_timer_m_reg[7]) is unused and will be removed from module LC3Zybo_top.
WARNING: [Synth 8-3332] Sequential element (Inst_student_code/Inst_lc3_computer/REG_timer_m_reg[6]) is unused and will be removed from module LC3Zybo_top.
WARNING: [Synth 8-3332] Sequential element (Inst_student_code/Inst_lc3_computer/REG_timer_m_reg[5]) is unused and will be removed from module LC3Zybo_top.
WARNING: [Synth 8-3332] Sequential element (Inst_student_code/Inst_lc3_computer/REG_timer_m_reg[4]) is unused and will be removed from module LC3Zybo_top.
WARNING: [Synth 8-3332] Sequential element (Inst_student_code/Inst_lc3_computer/REG_timer_m_reg[3]) is unused and will be removed from module LC3Zybo_top.
WARNING: [Synth 8-3332] Sequential element (Inst_student_code/Inst_lc3_computer/REG_timer_m_reg[2]) is unused and will be removed from module LC3Zybo_top.
WARNING: [Synth 8-3332] Sequential element (Inst_student_code/Inst_lc3_computer/REG_timer_m_reg[1]) is unused and will be removed from module LC3Zybo_top.
WARNING: [Synth 8-3332] Sequential element (Inst_student_code/Inst_lc3_computer/REG_timer_m_reg[0]) is unused and will be removed from module LC3Zybo_top.
WARNING: [Synth 8-3332] Sequential element (Inst_student_code/Inst_lc3_computer/REG_timer_s_reg[15]) is unused and will be removed from module LC3Zybo_top.
WARNING: [Synth 8-3332] Sequential element (Inst_student_code/Inst_lc3_computer/REG_timer_s_reg[14]) is unused and will be removed from module LC3Zybo_top.
WARNING: [Synth 8-3332] Sequential element (Inst_student_code/Inst_lc3_computer/REG_timer_s_reg[13]) is unused and will be removed from module LC3Zybo_top.
WARNING: [Synth 8-3332] Sequential element (Inst_student_code/Inst_lc3_computer/REG_timer_s_reg[12]) is unused and will be removed from module LC3Zybo_top.
WARNING: [Synth 8-3332] Sequential element (Inst_student_code/Inst_lc3_computer/REG_timer_s_reg[11]) is unused and will be removed from module LC3Zybo_top.
WARNING: [Synth 8-3332] Sequential element (Inst_student_code/Inst_lc3_computer/REG_timer_s_reg[10]) is unused and will be removed from module LC3Zybo_top.
WARNING: [Synth 8-3332] Sequential element (Inst_student_code/Inst_lc3_computer/REG_timer_s_reg[9]) is unused and will be removed from module LC3Zybo_top.
WARNING: [Synth 8-3332] Sequential element (Inst_student_code/Inst_lc3_computer/REG_timer_s_reg[8]) is unused and will be removed from module LC3Zybo_top.
WARNING: [Synth 8-3332] Sequential element (Inst_student_code/Inst_lc3_computer/REG_timer_s_reg[7]) is unused and will be removed from module LC3Zybo_top.
WARNING: [Synth 8-3332] Sequential element (Inst_student_code/Inst_lc3_computer/REG_timer_s_reg[6]) is unused and will be removed from module LC3Zybo_top.
WARNING: [Synth 8-3332] Sequential element (Inst_student_code/Inst_lc3_computer/REG_timer_s_reg[5]) is unused and will be removed from module LC3Zybo_top.
WARNING: [Synth 8-3332] Sequential element (Inst_student_code/Inst_lc3_computer/REG_timer_s_reg[4]) is unused and will be removed from module LC3Zybo_top.
WARNING: [Synth 8-3332] Sequential element (Inst_student_code/Inst_lc3_computer/REG_timer_s_reg[3]) is unused and will be removed from module LC3Zybo_top.
WARNING: [Synth 8-3332] Sequential element (Inst_student_code/Inst_lc3_computer/REG_timer_s_reg[2]) is unused and will be removed from module LC3Zybo_top.
WARNING: [Synth 8-3332] Sequential element (Inst_student_code/Inst_lc3_computer/REG_timer_s_reg[1]) is unused and will be removed from module LC3Zybo_top.
WARNING: [Synth 8-3332] Sequential element (Inst_student_code/Inst_lc3_computer/REG_timer_s_reg[0]) is unused and will be removed from module LC3Zybo_top.
WARNING: [Synth 8-3332] Sequential element (Inst_student_code/Inst_lc3_computer/startflag_s_reg) is unused and will be removed from module LC3Zybo_top.
---------------------------------------------------------------------------------
Finished Cross Boundary and Area Optimization : Time (s): cpu = 00:00:15 ; elapsed = 00:00:17 . Memory (MB): peak = 756.418 ; gain = 510.785
---------------------------------------------------------------------------------
---------------------------------------------------------------------------------
Start ROM, RAM, DSP and Shift Register Reporting
---------------------------------------------------------------------------------

Block RAM: Preliminary Mapping  Report (see note below)
+--------------------------+------------+------------------------+---+---+------------------------+---+---+------------------+--------+--------+
|Module Name               | RTL Object | PORT A (Depth x Width) | W | R | PORT B (Depth x Width) | W | R | Ports driving FF | RAMB18 | RAMB36 | 
+--------------------------+------------+------------------------+---+---+------------------------+---+---+------------------+--------+--------+
|xilinx_one_port_ram_sync: | ram_reg    | 64 K x 16(WRITE_FIRST) | W | R |                        |   |   | Port A           | 0      | 32     | 
+--------------------------+------------+------------------------+---+---+------------------------+---+---+------------------+--------+--------+

Note: The tale above is a preliminary report that shows the Block RAMs at the current stage of the synthesis flow. Some Block RAMs may be reimplemented as non Block RAM primitives later in the synthesis flow. Multiple instantiated Block RAMs are reported only once. 
---------------------------------------------------------------------------------
Finished ROM, RAM, DSP and Shift Register Reporting
---------------------------------------------------------------------------------
INFO: [Synth 8-4480] The timing for the instance i_0/Inst_student_code/Inst_lc3_computer/memory_data/ram_reg_1_0 (implemented as a block RAM) might be sub-optimal as no optional output register could be merged into the block ram. Providing additional output register may help in improving timing.
INFO: [Synth 8-4480] The timing for the instance i_0/Inst_student_code/Inst_lc3_computer/memory_data/ram_reg_1_1 (implemented as a block RAM) might be sub-optimal as no optional output register could be merged into the block ram. Providing additional output register may help in improving timing.
INFO: [Synth 8-4480] The timing for the instance i_0/Inst_student_code/Inst_lc3_computer/memory_data/ram_reg_1_2 (implemented as a block RAM) might be sub-optimal as no optional output register could be merged into the block ram. Providing additional output register may help in improving timing.
INFO: [Synth 8-4480] The timing for the instance i_0/Inst_student_code/Inst_lc3_computer/memory_data/ram_reg_1_3 (implemented as a block RAM) might be sub-optimal as no optional output register could be merged into the block ram. Providing additional output register may help in improving timing.
INFO: [Synth 8-4480] The timing for the instance i_0/Inst_student_code/Inst_lc3_computer/memory_data/ram_reg_1_4 (implemented as a block RAM) might be sub-optimal as no optional output register could be merged into the block ram. Providing additional output register may help in improving timing.
INFO: [Synth 8-4480] The timing for the instance i_0/Inst_student_code/Inst_lc3_computer/memory_data/ram_reg_1_5 (implemented as a block RAM) might be sub-optimal as no optional output register could be merged into the block ram. Providing additional output register may help in improving timing.
INFO: [Synth 8-4480] The timing for the instance i_0/Inst_student_code/Inst_lc3_computer/memory_data/ram_reg_1_6 (implemented as a block RAM) might be sub-optimal as no optional output register could be merged into the block ram. Providing additional output register may help in improving timing.
INFO: [Synth 8-4480] The timing for the instance i_0/Inst_student_code/Inst_lc3_computer/memory_data/ram_reg_1_7 (implemented as a block RAM) might be sub-optimal as no optional output register could be merged into the block ram. Providing additional output register may help in improving timing.
INFO: [Synth 8-4480] The timing for the instance i_0/Inst_student_code/Inst_lc3_computer/memory_data/ram_reg_1_8 (implemented as a block RAM) might be sub-optimal as no optional output register could be merged into the block ram. Providing additional output register may help in improving timing.
INFO: [Synth 8-4480] The timing for the instance i_0/Inst_student_code/Inst_lc3_computer/memory_data/ram_reg_1_9 (implemented as a block RAM) might be sub-optimal as no optional output register could be merged into the block ram. Providing additional output register may help in improving timing.
INFO: [Synth 8-4480] The timing for the instance i_0/Inst_student_code/Inst_lc3_computer/memory_data/ram_reg_1_10 (implemented as a block RAM) might be sub-optimal as no optional output register could be merged into the block ram. Providing additional output register may help in improving timing.
INFO: [Synth 8-4480] The timing for the instance i_0/Inst_student_code/Inst_lc3_computer/memory_data/ram_reg_1_11 (implemented as a block RAM) might be sub-optimal as no optional output register could be merged into the block ram. Providing additional output register may help in improving timing.
INFO: [Synth 8-4480] The timing for the instance i_0/Inst_student_code/Inst_lc3_computer/memory_data/ram_reg_1_12 (implemented as a block RAM) might be sub-optimal as no optional output register could be merged into the block ram. Providing additional output register may help in improving timing.
INFO: [Synth 8-4480] The timing for the instance i_0/Inst_student_code/Inst_lc3_computer/memory_data/ram_reg_1_13 (implemented as a block RAM) might be sub-optimal as no optional output register could be merged into the block ram. Providing additional output register may help in improving timing.
INFO: [Synth 8-4480] The timing for the instance i_0/Inst_student_code/Inst_lc3_computer/memory_data/ram_reg_1_14 (implemented as a block RAM) might be sub-optimal as no optional output register could be merged into the block ram. Providing additional output register may help in improving timing.
INFO: [Synth 8-4480] The timing for the instance i_0/Inst_student_code/Inst_lc3_computer/memory_data/ram_reg_1_15 (implemented as a block RAM) might be sub-optimal as no optional output register could be merged into the block ram. Providing additional output register may help in improving timing.

Report RTL Partitions: 
+-+--------------+------------+----------+
| |RTL Partition |Replication |Instances |
+-+--------------+------------+----------+
+-+--------------+------------+----------+
---------------------------------------------------------------------------------
Start Applying XDC Timing Constraints
---------------------------------------------------------------------------------
---------------------------------------------------------------------------------
Finished Applying XDC Timing Constraints : Time (s): cpu = 00:00:22 ; elapsed = 00:00:26 . Memory (MB): peak = 773.680 ; gain = 528.047
---------------------------------------------------------------------------------
---------------------------------------------------------------------------------
Start Timing Optimization
---------------------------------------------------------------------------------
---------------------------------------------------------------------------------
Finished Timing Optimization : Time (s): cpu = 00:00:22 ; elapsed = 00:00:26 . Memory (MB): peak = 774.645 ; gain = 529.012
---------------------------------------------------------------------------------
---------------------------------------------------------------------------------
Start ROM, RAM, DSP and Shift Register Reporting
---------------------------------------------------------------------------------

Block RAM: Final Mapping  Report
+--------------------------+------------+------------------------+---+---+------------------------+---+---+------------------+--------+--------+
|Module Name               | RTL Object | PORT A (Depth x Width) | W | R | PORT B (Depth x Width) | W | R | Ports driving FF | RAMB18 | RAMB36 | 
+--------------------------+------------+------------------------+---+---+------------------------+---+---+------------------+--------+--------+
|xilinx_one_port_ram_sync: | ram_reg    | 64 K x 16(WRITE_FIRST) | W | R |                        |   |   | Port A           | 0      | 32     | 
+--------------------------+------------+------------------------+---+---+------------------------+---+---+------------------+--------+--------+

---------------------------------------------------------------------------------
Finished ROM, RAM, DSP and Shift Register Reporting
---------------------------------------------------------------------------------

Report RTL Partitions: 
+-+--------------+------------+----------+
| |RTL Partition |Replication |Instances |
+-+--------------+------------+----------+
+-+--------------+------------+----------+
---------------------------------------------------------------------------------
Start Technology Mapping
---------------------------------------------------------------------------------
INFO: [Synth 8-4480] The timing for the instance Inst_student_code/Inst_lc3_computer/memory_data/ram_reg_1_0 (implemented as a block RAM) might be sub-optimal as no optional output register could be merged into the block ram. Providing additional output register may help in improving timing.
INFO: [Synth 8-4480] The timing for the instance Inst_student_code/Inst_lc3_computer/memory_data/ram_reg_1_1 (implemented as a block RAM) might be sub-optimal as no optional output register could be merged into the block ram. Providing additional output register may help in improving timing.
INFO: [Synth 8-4480] The timing for the instance Inst_student_code/Inst_lc3_computer/memory_data/ram_reg_1_2 (implemented as a block RAM) might be sub-optimal as no optional output register could be merged into the block ram. Providing additional output register may help in improving timing.
INFO: [Synth 8-4480] The timing for the instance Inst_student_code/Inst_lc3_computer/memory_data/ram_reg_1_3 (implemented as a block RAM) might be sub-optimal as no optional output register could be merged into the block ram. Providing additional output register may help in improving timing.
INFO: [Synth 8-4480] The timing for the instance Inst_student_code/Inst_lc3_computer/memory_data/ram_reg_1_4 (implemented as a block RAM) might be sub-optimal as no optional output register could be merged into the block ram. Providing additional output register may help in improving timing.
INFO: [Synth 8-4480] The timing for the instance Inst_student_code/Inst_lc3_computer/memory_data/ram_reg_1_5 (implemented as a block RAM) might be sub-optimal as no optional output register could be merged into the block ram. Providing additional output register may help in improving timing.
INFO: [Synth 8-4480] The timing for the instance Inst_student_code/Inst_lc3_computer/memory_data/ram_reg_1_6 (implemented as a block RAM) might be sub-optimal as no optional output register could be merged into the block ram. Providing additional output register may help in improving timing.
INFO: [Synth 8-4480] The timing for the instance Inst_student_code/Inst_lc3_computer/memory_data/ram_reg_1_7 (implemented as a block RAM) might be sub-optimal as no optional output register could be merged into the block ram. Providing additional output register may help in improving timing.
INFO: [Synth 8-4480] The timing for the instance Inst_student_code/Inst_lc3_computer/memory_data/ram_reg_1_8 (implemented as a block RAM) might be sub-optimal as no optional output register could be merged into the block ram. Providing additional output register may help in improving timing.
INFO: [Synth 8-4480] The timing for the instance Inst_student_code/Inst_lc3_computer/memory_data/ram_reg_1_9 (implemented as a block RAM) might be sub-optimal as no optional output register could be merged into the block ram. Providing additional output register may help in improving timing.
INFO: [Synth 8-4480] The timing for the instance Inst_student_code/Inst_lc3_computer/memory_data/ram_reg_1_10 (implemented as a block RAM) might be sub-optimal as no optional output register could be merged into the block ram. Providing additional output register may help in improving timing.
INFO: [Synth 8-4480] The timing for the instance Inst_student_code/Inst_lc3_computer/memory_data/ram_reg_1_11 (implemented as a block RAM) might be sub-optimal as no optional output register could be merged into the block ram. Providing additional output register may help in improving timing.
INFO: [Synth 8-4480] The timing for the instance Inst_student_code/Inst_lc3_computer/memory_data/ram_reg_1_12 (implemented as a block RAM) might be sub-optimal as no optional output register could be merged into the block ram. Providing additional output register may help in improving timing.
INFO: [Synth 8-4480] The timing for the instance Inst_student_code/Inst_lc3_computer/memory_data/ram_reg_1_13 (implemented as a block RAM) might be sub-optimal as no optional output register could be merged into the block ram. Providing additional output register may help in improving timing.
INFO: [Synth 8-4480] The timing for the instance Inst_student_code/Inst_lc3_computer/memory_data/ram_reg_1_14 (implemented as a block RAM) might be sub-optimal as no optional output register could be merged into the block ram. Providing additional output register may help in improving timing.
INFO: [Synth 8-4480] The timing for the instance Inst_student_code/Inst_lc3_computer/memory_data/ram_reg_1_15 (implemented as a block RAM) might be sub-optimal as no optional output register could be merged into the block ram. Providing additional output register may help in improving timing.
---------------------------------------------------------------------------------
Finished Technology Mapping : Time (s): cpu = 00:00:22 ; elapsed = 00:00:26 . Memory (MB): peak = 805.223 ; gain = 559.590
---------------------------------------------------------------------------------

Report RTL Partitions: 
+-+--------------+------------+----------+
| |RTL Partition |Replication |Instances |
+-+--------------+------------+----------+
+-+--------------+------------+----------+
---------------------------------------------------------------------------------
Start IO Insertion
---------------------------------------------------------------------------------
---------------------------------------------------------------------------------
Start Flattening Before IO Insertion
---------------------------------------------------------------------------------
---------------------------------------------------------------------------------
Finished Flattening Before IO Insertion
---------------------------------------------------------------------------------
---------------------------------------------------------------------------------
Start Final Netlist Cleanup
---------------------------------------------------------------------------------
---------------------------------------------------------------------------------
Finished Final Netlist Cleanup
---------------------------------------------------------------------------------
---------------------------------------------------------------------------------
Finished IO Insertion : Time (s): cpu = 00:00:23 ; elapsed = 00:00:27 . Memory (MB): peak = 805.223 ; gain = 559.590
---------------------------------------------------------------------------------

Report Check Netlist: 
+------+------------------+-------+---------+-------+------------------+
|      |Item              |Errors |Warnings |Status |Description       |
+------+------------------+-------+---------+-------+------------------+
|1     |multi_driven_nets |      0|        0|Passed |Multi driven nets |
+------+------------------+-------+---------+-------+------------------+
---------------------------------------------------------------------------------
Start Renaming Generated Instances
---------------------------------------------------------------------------------
---------------------------------------------------------------------------------
Finished Renaming Generated Instances : Time (s): cpu = 00:00:23 ; elapsed = 00:00:27 . Memory (MB): peak = 805.223 ; gain = 559.590
---------------------------------------------------------------------------------

Report RTL Partitions: 
+-+--------------+------------+----------+
| |RTL Partition |Replication |Instances |
+-+--------------+------------+----------+
+-+--------------+------------+----------+
---------------------------------------------------------------------------------
Start Rebuilding User Hierarchy
---------------------------------------------------------------------------------
---------------------------------------------------------------------------------
Finished Rebuilding User Hierarchy : Time (s): cpu = 00:00:23 ; elapsed = 00:00:27 . Memory (MB): peak = 805.223 ; gain = 559.590
---------------------------------------------------------------------------------
---------------------------------------------------------------------------------
Start Renaming Generated Ports
---------------------------------------------------------------------------------
---------------------------------------------------------------------------------
Finished Renaming Generated Ports : Time (s): cpu = 00:00:23 ; elapsed = 00:00:27 . Memory (MB): peak = 805.223 ; gain = 559.590
---------------------------------------------------------------------------------
---------------------------------------------------------------------------------
Start Handling Custom Attributes
---------------------------------------------------------------------------------
---------------------------------------------------------------------------------
Finished Handling Custom Attributes : Time (s): cpu = 00:00:23 ; elapsed = 00:00:27 . Memory (MB): peak = 805.223 ; gain = 559.590
---------------------------------------------------------------------------------
---------------------------------------------------------------------------------
Start Renaming Generated Nets
---------------------------------------------------------------------------------
---------------------------------------------------------------------------------
Finished Renaming Generated Nets : Time (s): cpu = 00:00:23 ; elapsed = 00:00:27 . Memory (MB): peak = 805.223 ; gain = 559.590
---------------------------------------------------------------------------------
---------------------------------------------------------------------------------
Start Writing Synthesis Report
---------------------------------------------------------------------------------

Report BlackBoxes: 
+------+--------------+----------+
|      |BlackBox name |Instances |
+------+--------------+----------+
|1     |ZyboVIO_SE    |         1|
|2     |lc3           |         1|
+------+--------------+----------+

Report Cell Usage: 
+------+------------------+------+
|      |Cell              |Count |
+------+------------------+------+
|1     |ZyboVIO_SE_bbox_1 |     1|
|2     |lc3_bbox_0        |     1|
|3     |CARRY4            |    65|
|4     |LUT1              |   202|
|5     |LUT2              |     9|
|6     |LUT3              |     7|
|7     |LUT4              |    72|
|8     |LUT5              |   208|
|9     |LUT6              |   122|
|10    |RAMB36E1          |     1|
|11    |RAMB36E1_1        |    16|
|12    |RAMB36E1_10       |     1|
|13    |RAMB36E1_11       |     1|
|14    |RAMB36E1_12       |     1|
|15    |RAMB36E1_13       |     1|
|16    |RAMB36E1_14       |     1|
|17    |RAMB36E1_15       |     1|
|18    |RAMB36E1_16       |     1|
|19    |RAMB36E1_2        |     1|
|20    |RAMB36E1_3        |     1|
|21    |RAMB36E1_4        |     1|
|22    |RAMB36E1_5        |     1|
|23    |RAMB36E1_6        |     1|
|24    |RAMB36E1_7        |     1|
|25    |RAMB36E1_8        |     1|
|26    |RAMB36E1_9        |     1|
|27    |FDCE              |    30|
|28    |FDRE              |   259|
|29    |IBUF              |     9|
|30    |OBUF              |     4|
+------+------------------+------+

Report Instance Areas: 
+------+----------------------------------+-------------------------+------+
|      |Instance                          |Module                   |Cells |
+------+----------------------------------+-------------------------+------+
|1     |top                               |                         |  1078|
|2     |  Inst_ZyboVIOSE_wrapper          |zyboviose_wrapper        |    39|
|3     |  Inst_student_code               |student_code             |   401|
|4     |    Inst_lc3_computer             |lc3_computer             |   184|
|5     |      CPU_communicator            |lc3_wrapper_multiplexers |   110|
|6     |      memory_data                 |xilinx_one_port_ram_sync |    32|
|7     |      timer_millis                |CustomTimer              |    41|
|8     |    lc3_debug_1                   |lc3_debug                |   217|
|9     |      BtnToggle_1                 |BtnToggle                |    56|
|10    |      hand_clk_db                 |debounce_7               |    79|
|11    |      sys_halt_db                 |debounce_8               |    79|
|12    |  \my_debounce[0].Inst_debounce1  |debounce                 |    78|
|13    |  \my_debounce[0].Inst_debounce2  |debounce_0               |    78|
|14    |  \my_debounce[1].Inst_debounce1  |debounce_1               |    78|
|15    |  \my_debounce[1].Inst_debounce2  |debounce_2               |    78|
|16    |  \my_debounce[2].Inst_debounce1  |debounce_3               |    78|
|17    |  \my_debounce[2].Inst_debounce2  |debounce_4               |    78|
|18    |  \my_debounce[3].Inst_debounce1  |debounce_5               |    78|
|19    |  \my_debounce[3].Inst_debounce2  |debounce_6               |    79|
+------+----------------------------------+-------------------------+------+
---------------------------------------------------------------------------------
Finished Writing Synthesis Report : Time (s): cpu = 00:00:23 ; elapsed = 00:00:27 . Memory (MB): peak = 805.223 ; gain = 559.590
---------------------------------------------------------------------------------
Synthesis finished with 0 errors, 6 critical warnings and 38 warnings.
Synthesis Optimization Runtime : Time (s): cpu = 00:00:14 ; elapsed = 00:00:19 . Memory (MB): peak = 805.223 ; gain = 234.504
Synthesis Optimization Complete : Time (s): cpu = 00:00:23 ; elapsed = 00:00:27 . Memory (MB): peak = 805.223 ; gain = 559.590
INFO: [Project 1-571] Translating synthesized netlist
Release 14.7 - ngc2edif P_INT.20180321 (nt64)
Copyright (c) 1995-2013 Xilinx, Inc.  All rights reserved.
Reading design ZyboVIO_SE.ngc ...
WARNING:NetListWriters:298 - No output is written to ZyboVIO_SE.xncf, ignored.
Processing design ...
   Preping design's networks ...
   Preping design's macros ...
WARNING:NetListWriters:306 - Signal bus Inst_jtag_chainIO/fromPCReg[47 : 0] on
   block ZyboVIO_SE is not reconstructed, because there are some missing bus
   signals.
  finished :Prep
Writing EDIF netlist file ZyboVIO_SE.edif ...
ngc2edif: Total memory usage is 4324924 kilobytes

Reading core file 'C:/Users/Christian Ulstrand/Documents/GitHub/3-Ugers-Projekt/3WeekProject/3WeekProject.srcs/sources_1/imports/Christian Ulstrand/OneDrive/DTU - IT Elektronik/2. Semester/Digitale Systemer/Software/3 ugers/LC3/LC3Zybo/ZyboVIO_SE.ngc' for (cell view 'ZyboVIO_SE', library 'work')
Parsing EDIF File [./.ngc2edfcache/ZyboVIO_SE_ngc_359c4359.edif]
Finished Parsing EDIF File [./.ngc2edfcache/ZyboVIO_SE_ngc_359c4359.edif]
WARNING: [Netlist 29-5] Replacement cell view : ZyboVIO_SE has additional ports (tx_data_out_aa[0]) not seen in its original version.
Release 14.7 - ngc2edif P_INT.20180321 (nt64)
Copyright (c) 1995-2013 Xilinx, Inc.  All rights reserved.
Reading design lc3.ngc ...
WARNING:NetListWriters:298 - No output is written to lc3.xncf, ignored.
Processing design ...
   Preping design's networks ...
   Preping design's macros ...
WARNING:NetListWriters:306 - Signal bus
   tmp_addr_reg[15]_data_in[15]_mux_245_OUT<14 : 1> on block lc3 is not
   reconstructed, because there are some missing bus signals.
  finished :Prep
Writing EDIF netlist file lc3.edif ...
ngc2edif: Total memory usage is 4329980 kilobytes

Reading core file 'C:/Users/Christian Ulstrand/Documents/GitHub/3-Ugers-Projekt/3WeekProject/3WeekProject.srcs/sources_1/imports/Christian Ulstrand/OneDrive/DTU - IT Elektronik/2. Semester/Digitale Systemer/Software/3 ugers/LC3/LC3Zybo/lc3.ngc' for (cell view 'lc3', library 'work')
Parsing EDIF File [./.ngc2edfcache/lc3_ngc_359c4359.edif]
Finished Parsing EDIF File [./.ngc2edfcache/lc3_ngc_359c4359.edif]
INFO: [Netlist 29-17] Analyzing 2778 Unisim elements for replacement
INFO: [Netlist 29-28] Unisim Transformation completed in 1 CPU seconds
INFO: [Project 1-479] Netlist was created with Xilinx ngc2edif P_INT.20180321
INFO: [Project 1-570] Preparing netlist for logic optimization
INFO: [Opt 31-138] Pushed 0 inverter(s) to 0 load pin(s).
INFO: [Project 1-111] Unisim Transformation Summary:
  A total of 1637 instances were transformed.
  (MUXCY,XORCY) => CARRY4: 151 instances
  FD => FDRE: 1001 instances
  FDC => FDCE: 6 instances
  FDE => FDRE: 339 instances
  FDP => FDPE: 2 instances
  INV => LUT1: 121 instances
  MULT_AND => LUT2: 17 instances

INFO: [Common 17-83] Releasing license: Synthesis
90 Infos, 48 Warnings, 6 Critical Warnings and 0 Errors encountered.
synth_design completed successfully
synth_design: Time (s): cpu = 00:00:27 ; elapsed = 00:00:33 . Memory (MB): peak = 809.215 ; gain = 576.102
WARNING: [Constraints 18-5210] No constraint will be written out.
INFO: [Common 17-1381] The checkpoint 'C:/Users/Christian Ulstrand/Documents/GitHub/3-Ugers-Projekt/3WeekProject/3WeekProject.runs/synth_1/LC3Zybo_top.dcp' has been generated.
INFO: [runtcl-4] Executing : report_utilization -file LC3Zybo_top_utilization_synth.rpt -pb LC3Zybo_top_utilization_synth.pb
report_utilization: Time (s): cpu = 00:00:00 ; elapsed = 00:00:00.057 . Memory (MB): peak = 809.215 ; gain = 0.000
INFO: [Common 17-206] Exiting Vivado at Tue Jun 16 14:50:05 2020...
